******************* GDI DUMP => Date : Mon Jan 08 11:17:51 2024

No ST-Link device detected.
Please connect it and then retry.
**** End of GDI DUMP ****
******************* GDI DUMP => Date : Mon Jan 08 11:18:03 2024

Error after GoToUsbLoader command.
Ensure the hardware is recent enough for the software.
Try to restart it.
**** End of GDI DUMP ****
******************* GDI DUMP => Date : Mon Jan 08 11:18:54 2024

Error after GoToUsbLoader command.
Ensure the hardware is recent enough for the software.
Try to restart it.
**** End of GDI DUMP ****
******************* GDI DUMP => Date : Mon Jan 08 11:19:03 2024

No ST-Link device detected.
Please connect it and then retry.
**** End of GDI DUMP ****
******************* GDI DUMP => Date : Mon Jan 08 11:19:05 2024

No ST-Link device detected.
Please connect it and then retry.
**** End of GDI DUMP ****
******************* GDI DUMP => Date : Mon Jan 08 11:19:06 2024

No ST-Link device detected.
Please connect it and then retry.
**** End of GDI DUMP ****
******************* GDI DUMP => Date : Mon Jan 08 11:19:08 2024

No ST-Link device detected.
Please connect it and then retry.
**** End of GDI DUMP ****
******************* GDI DUMP => Date : Mon Jan 08 11:19:20 2024

No ST-Link device detected.
Please connect it and then retry.
**** End of GDI DUMP ****
******************* GDI DUMP => Date : Mon Jan 08 11:19:21 2024

No ST-Link device detected.
Please connect it and then retry.
**** End of GDI DUMP ****
******************* GDI DUMP => Date : Mon Jan 08 11:19:28 2024

No ST-Link device detected.
Please connect it and then retry.
**** End of GDI DUMP ****
******************* GDI DUMP => Date : Mon Jan 08 11:19:36 2024

Error after GoToUsbLoader command.
Ensure the hardware is recent enough for the software.
Try to restart it.
**** End of GDI DUMP ****
